(cv) zhangjunhua@Jayzent:/kaggle-MABe$ bash run.sh
[1/4] 运行验证流程 baseline/ensemble-validate.py ...
  0%|          | 0/863 [00:00<?, ?it/s]
1/9 Processing videos with: ['body_center', 'ear_left', 'ear_right', 'headpiece_bottombackleft', 'headpiece_bottombackright', 'headpiece_bottomfrontleft', 'headpiece_bottomfrontright', 'headpiece_topbackleft', 'headpiece_topbackright', 'headpiece_topfrontleft', 'headpiece_topfrontright', 'lateral_left', 'lateral_right', 'neck', 'nose', 'tail_base', 'tail_midpoint', 'tail_tip']

    F1: 0.5206 (0.24) Section: 1 Action: rear
    F1: 0.3818 (0.15) Section: 1 Action: approach
    F1: 0.3953 (0.09) Section: 1 Action: attack
    F1: 0.4428 (0.20) Section: 1 Action: avoid
    F1: 0.4794 (0.08) Section: 1 Action: chase
    F1: 0.4861 (0.08) Section: 1 Action: chaseattack
    F1: 0.1452 (0.03) Section: 1 Action: submit

2/9 Processing videos with: ['body_center', 'ear_left', 'ear_right', 'hip_left', 'hip_right', 'lateral_left', 'lateral_right', 'nose', 'spine_1', 'spine_2', 'tail_base', 'tail_middle_1', 'tail_middle_2', 'tail_tip']

    F1: 0.6598 (0.21) Section: 2 Action: huddle
    No positive labels. F1: 0.0000 (0.00) Section: 2 Action: rear
    No positive labels. F1: 0.0000 (0.00) Section: 2 Action: selfgroom
    F1: 0.6136 (0.27) Section: 2 Action: reciprocalsniff
    No positive labels. F1: 0.0000 (0.00) Section: 2 Action: sniff
    F1: 0.5306 (0.28) Section: 2 Action: sniffgenital
    No positive labels. F1: 0.0000 (0.00) Section: 2 Action: intromit
    No positive labels. F1: 0.0000 (0.00) Section: 2 Action: mount

3/9 Processing videos with: ['body_center', 'ear_left', 'ear_right', 'lateral_left', 'lateral_right', 'neck', 'nose', 'tail_base', 'tail_midpoint', 'tail_tip']

    F1: 0.4735 (0.21) Section: 3 Action: rear
    F1: 0.1944 (0.06) Section: 3 Action: approach
    F1: 0.1697 (0.09) Section: 3 Action: attack
    F1: 0.1846 (0.08) Section: 3 Action: avoid
    F1: 0.0285 (0.02) Section: 3 Action: chase
    F1: 0.0663 (0.03) Section: 3 Action: chaseattack
    F1: 0.0908 (0.02) Section: 3 Action: submit

4/9 Processing videos with: ['body_center', 'ear_left', 'ear_right', 'lateral_left', 'lateral_right', 'nose', 'tail_base', 'tail_tip']

    F1: 0.3485 (0.13) Section: 4 Action: attack
    F1: 0.6439 (0.19) Section: 4 Action: dominance
    F1: 0.4798 (0.15) Section: 4 Action: sniff
    F1: 0.1295 (0.02) Section: 4 Action: chase
^[[B^[[B^[[B^[[B^[[B^[[B^[[B^[[B^[[B^    F1: 0.1801 (0.06) Section: 4 Action: escape
    F1: 0.7095 (0.34) Section: 4 Action: follow

5/9 Processing videos with: ['body_center', 'ear_left', 'ear_right', 'lateral_left', 'lateral_right', 'nose', 'tail_base']

    F1: 0.7337 (0.37) Section: 5 Action: attack
    F1: 0.8842 (0.42) Section: 5 Action: sniff
    F1: 0.5776 (0.34) Section: 5 Action: defend
    F1: 0.7182 (0.27) Section: 5 Action: escape
    F1: 0.8351 (0.26) Section: 5 Action: mount

6/9 Processing videos with: ['body_center', 'ear_left', 'ear_right', 'nose', 'tail_base']

    F1: 0.0770 (0.03) Section: 6 Action: biteobject
    F1: 0.5412 (0.18) Section: 6 Action: climb
    F1: 0.5680 (0.22) Section: 6 Action: dig
    F1: 0.1155 (0.03) Section: 6 Action: exploreobject
    F1: 0.3484 (0.12) Section: 6 Action: rear
    F1: 0.4619 (0.20) Section: 6 Action: selfgroom
    F1: 0.5982 (0.23) Section: 6 Action: shepherd
    F1: 0.5161 (0.21) Section: 6 Action: approach
    F1: 0.5860 (0.24) Section: 6 Action: attack
    F1: 0.6262 (0.19) Section: 6 Action: chase
    F1: 0.4337 (0.21) Section: 6 Action: defend
    F1: 0.6545 (0.31) Section: 6 Action: escape
    F1: 0.0658 (0.03) Section: 6 Action: flinch
    F1: 0.4246 (0.11) Section: 6 Action: follow
    F1: 0.4939 (0.26) Section: 6 Action: sniff
    F1: 0.6509 (0.26) Section: 6 Action: sniffface
    F1: 0.2976 (0.05) Section: 6 Action: sniffgenital
    F1: 0.3133 (0.02) Section: 6 Action: tussle

7/9 Processing videos with: ['ear_left', 'ear_right', 'head', 'tail_base']

    F1: 0.5796 (0.30) Section: 7 Action: rear
    F1: 0.5792 (0.18) Section: 7 Action: rest
    F1: 0.3142 (0.16) Section: 7 Action: selfgroom
    F1: 0.2745 (0.14) Section: 7 Action: climb
    F1: 0.3544 (0.20) Section: 7 Action: dig
    F1: 0.1295 (0.09) Section: 7 Action: run
    No positive labels. F1: 0.0000 (0.00) Section: 7 Action: intromit
    No positive labels. F1: 0.0000 (0.00) Section: 7 Action: mount
    F1: 0.6743 (0.34) Section: 7 Action: sniff
    F1: 0.5635 (0.30) Section: 7 Action: sniffgenital
    F1: 0.4328 (0.23) Section: 7 Action: approach
    F1: 0.1129 (0.07) Section: 7 Action: defend
    F1: 0.2479 (0.13) Section: 7 Action: escape
    F1: 0.2824 (0.04) Section: 7 Action: attemptmount

8/9 Processing videos with: ['ear_left', 'ear_right', 'hip_left', 'hip_right', 'neck', 'nose', 'tail_base']

    F1: 0.2762 (0.12) Section: 8 Action: rear
    F1: 0.2708 (0.11) Section: 8 Action: selfgroom
    F1: 0.6894 (0.28) Section: 8 Action: genitalgroom
    F1: 0.1699 (0.09) Section: 8 Action: dig
    F1: 0.4855 (0.23) Section: 8 Action: approach
    F1: 0.6564 (0.31) Section: 8 Action: attack
    F1: 0.4933 (0.24) Section: 8 Action: disengage
    F1: 0.5565 (0.31) Section: 8 Action: mount
    F1: 0.6641 (0.34) Section: 8 Action: sniff
^[[B^[[B^[[B^[[B^[[B^[[B^[[B^[[B^[[B^[[B^[[B^[[B^[[B^[[B^[[B^[[B^[[B^[[B^[[B^[[B^[[B^[[B^[[B^[[B^[[B^[[B^[[B^[[B^[[B^[[B^[[B    F1: 0.5038 (0.26) Section: 8 Action: sniffgenital
    F1: 0.4828 (0.24) Section: 8 Action: dominancemount
    F1: 0.5773 (0.30) Section: 8 Action: sniffbody
    F1: 0.6859 (0.32) Section: 8 Action: sniffface
    F1: 0.1910 (0.09) Section: 8 Action: attemptmount
^[[A^[[A^[[A^[[A^[[A^[[A^[[A    F1: 0.8316 (0.43) Section: 8 Action: intromit
    F1: 0.1512 (0.07) Section: 8 Action: chase
    F1: 0.5423 (0.19) Section: 8 Action: escape
    F1: 0.7669 (0.38) Section: 8 Action: reciprocalsniff
    F1: 0.1643 (0.15) Section: 8 Action: allogroom
    F1: 0.1755 (0.06) Section: 8 Action: ejaculate
    F1: 0.1334 (0.08) Section: 8 Action: dominancegroom

9/9 Processing videos with: ['ear_left', 'ear_right', 'nose', 'tail_base', 'tail_tip']

    F1: 0.4068 (0.20) Section: 9 Action: freeze
    F1: 0.4221 (0.15) Section: 9 Action: rear
    F1: 0.2187 (0.10) Section: 9 Action: approach
    F1: 0.7325 (0.43) Section: 9 Action: attack
    F1: 0.5673 (0.27) Section: 9 Action: defend
    F1: 0.7076 (0.45) Section: 9 Action: escape
    F1: 0.6784 (0.18) Section: 9 Action: sniff

Video 1375833299 has no predictions.
ERROR: Filled empty videos
Competition metric: 0.4654
Mean F1:            0.4375
[2/4] 阈值文件生成成功：models/ensemble_xgb_lgb_cat/thresholds.pkl
[3/4] 验证阈值文件可读取...
[成功] 已加载阈值：single sections=['1', '2', '3', '6', '7', '8', '9'], pair sections=['1', '2', '3', '4', '5', '6', '7', '8', '9']
[4/4] 运行提交脚本 baseline/ensemble-submit-new.py ...
1/9 Processing videos with: ['body_center', 'ear_left', 'ear_right', 'headpiece_bottombackleft', 'headpiece_bottombackright', 'headpiece_bottomfrontleft', 'headpiece_bottomfrontright', 'headpiece_topbackleft', 'headpiece_topbackright', 'headpiece_topfrontleft', 'headpiece_topfrontright', 'lateral_left', 'lateral_right', 'neck', 'nose', 'tail_base', 'tail_midpoint', 'tail_tip']

2/9 Processing videos with: ['body_center', 'ear_left', 'ear_right', 'hip_left', 'hip_right', 'lateral_left', 'lateral_right', 'nose', 'spine_1', 'spine_2', 'tail_base', 'tail_middle_1', 'tail_middle_2', 'tail_tip']

3/9 Processing videos with: ['body_center', 'ear_left', 'ear_right', 'lateral_left', 'lateral_right', 'neck', 'nose', 'tail_base', 'tail_midpoint', 'tail_tip']

4/9 Processing videos with: ['body_center', 'ear_left', 'ear_right', 'lateral_left', 'lateral_right', 'nose', 'tail_base', 'tail_tip']

    Skipping single inference: no thresholds found.
5/9 Processing videos with: ['body_center', 'ear_left', 'ear_right', 'lateral_left', 'lateral_right', 'nose', 'tail_base']

    Skipping single inference: no thresholds found.
6/9 Processing videos with: ['body_center', 'ear_left', 'ear_right', 'nose', 'tail_base']

7/9 Processing videos with: ['ear_left', 'ear_right', 'head', 'tail_base']

8/9 Processing videos with: ['ear_left', 'ear_right', 'hip_left', 'hip_right', 'neck', 'nose', 'tail_base']

9/9 Processing videos with: ['ear_left', 'ear_right', 'nose', 'tail_base', 'tail_tip']

    video_id  ... stop_frame
0  438887472  ...       2127
1  438887472  ...       2139
2  438887472  ...       2178
3  438887472  ...       2180
4  438887472  ...       2182

[5 rows x 6 columns]
流程完成。